-------------------------------------------------------------------------------
Test set: com.product.ProductApplicationTests
-------------------------------------------------------------------------------
Tests run: 1, Failures: 0, Errors: 1, Skipped: 0, Time elapsed: 1.181 s <<< FAILURE! - in com.product.ProductApplicationTests
contextLoads  Time elapsed: 0.002 s  <<< ERROR!
java.lang.IllegalStateException: Failed to load ApplicationContext
Caused by: org.springframework.beans.factory.BeanDefinitionStoreException: Failed to process import candidates for configuration class [com.product.ProductApplication]; nested exception is java.lang.IllegalArgumentException: Unresolvable class definition for class [org.springdoc.core.conditions.MultipleOpenApiSupportCondition]
Caused by: java.lang.IllegalArgumentException: Unresolvable class definition for class [org.springdoc.core.conditions.MultipleOpenApiSupportCondition]
Caused by: java.lang.UnsupportedClassVersionError: org/springdoc/core/conditions/MultipleOpenApiSupportCondition has been compiled by a more recent version of the Java Runtime (class file version 61.0), this version of the Java Runtime only recognizes class file versions up to 55.0

